<?xml version="1.0" encoding="utf-8"?><testsuites name="pytest tests"><testsuite name="pytest" errors="0" failures="0" skipped="0" tests="10" time="2.520" timestamp="2026-06-12T05:01:09.300174+00:00" hostname="agent-env-dd3bdbde-d81b-46b7-abf5-630882e22800"><testcase classname="backend.tests.test_launchkey_api.TestProfiles" name="test_default_profile_seeded" time="0.217" /><testcase classname="backend.tests.test_launchkey_api.TestProfiles" name="test_create_activate_delete" time="0.311" /><testcase classname="backend.tests.test_launchkey_api.TestProfiles" name="test_cannot_delete_last_profile" time="0.201" /><testcase classname="backend.tests.test_launchkey_api.TestMappings" name="test_upsert_get_delete_mapping" time="0.407" /><testcase classname="backend.tests.test_launchkey_api.TestMappings" name="test_mapping_cascade_on_profile_delete" time="0.196" /><testcase classname="backend.tests.test_launchkey_api.TestHelper" name="test_heartbeat_then_status" time="0.606" /><testcase classname="backend.tests.test_launchkey_api.TestHelper" name="test_sessions_roundtrip" time="0.094" /><testcase classname="backend.tests.test_launchkey_api.TestHelper" name="test_midi_event_roundtrip_and_since" time="0.150" /><testcase classname="backend.tests.test_launchkey_api.TestHelper" name="test_helper_state" time="0.051" /><testcase classname="backend.tests.test_launchkey_api.TestHelper" name="test_helper_script_download" time="0.048" /></testsuite></testsuites>